<?xml version="1.0" encoding="UTF-8"?>
<coverage generated="1556604644898" clover="3.2.0">
  <project timestamp="1556604644899" name="All files">
    <metrics statements="61" coveredstatements="61" conditionals="8" coveredconditionals="7" methods="2" coveredmethods="2" elements="71" coveredelements="70" complexity="0" loc="61" ncloc="61" packages="1" files="2" classes="2"/>
    <file name="getClient.js" path="C:\Users\ADMIN\Documents\batah-test\tests\utils\getClient.js">
      <metrics statements="9" coveredstatements="9" conditionals="8" coveredconditionals="7" methods="2" coveredmethods="2"/>
      <line num="4" count="3" type="stmt"/>
      <line num="5" count="371" type="stmt"/>
      <line num="6" count="371" type="cond" truecount="2" falsecount="0"/>
      <line num="7" count="371" type="cond" truecount="2" falsecount="0"/>
      <line num="8" count="371" type="cond" truecount="1" falsecount="1"/>
      <line num="10" count="371" type="stmt"/>
      <line num="13" count="371" type="cond" truecount="2" falsecount="0"/>
      <line num="14" count="2" type="stmt"/>
      <line num="24" count="3" type="stmt"/>
    </file>
    <file name="operations.js" path="C:\Users\ADMIN\Documents\batah-test\tests\utils\operations.js">
      <metrics statements="52" coveredstatements="52" conditionals="0" coveredconditionals="0" methods="0" coveredmethods="0"/>
      <line num="3" count="3" type="stmt"/>
      <line num="24" count="3" type="stmt"/>
      <line num="30" count="3" type="stmt"/>
      <line num="51" count="3" type="stmt"/>
      <line num="72" count="3" type="stmt"/>
      <line num="99" count="3" type="stmt"/>
      <line num="127" count="3" type="stmt"/>
      <line num="133" count="3" type="stmt"/>
      <line num="139" count="3" type="stmt"/>
      <line num="145" count="3" type="stmt"/>
      <line num="151" count="3" type="stmt"/>
      <line num="157" count="3" type="stmt"/>
      <line num="163" count="3" type="stmt"/>
      <line num="169" count="3" type="stmt"/>
      <line num="175" count="3" type="stmt"/>
      <line num="181" count="3" type="stmt"/>
      <line num="187" count="3" type="stmt"/>
      <line num="193" count="3" type="stmt"/>
      <line num="233" count="3" type="stmt"/>
      <line num="279" count="3" type="stmt"/>
      <line num="285" count="3" type="stmt"/>
      <line num="338" count="3" type="stmt"/>
      <line num="357" count="3" type="stmt"/>
      <line num="372" count="3" type="stmt"/>
      <line num="385" count="3" type="stmt"/>
      <line num="398" count="3" type="stmt"/>
      <line num="404" count="3" type="stmt"/>
      <line num="412" count="3" type="stmt"/>
      <line num="427" count="3" type="stmt"/>
      <line num="444" count="3" type="stmt"/>
      <line num="459" count="3" type="stmt"/>
      <line num="479" count="3" type="stmt"/>
      <line num="495" count="3" type="stmt"/>
      <line num="522" count="3" type="stmt"/>
      <line num="533" count="3" type="stmt"/>
      <line num="544" count="3" type="stmt"/>
      <line num="572" count="3" type="stmt"/>
      <line num="578" count="3" type="stmt"/>
      <line num="609" count="3" type="stmt"/>
      <line num="639" count="3" type="stmt"/>
      <line num="649" count="3" type="stmt"/>
      <line num="658" count="3" type="stmt"/>
      <line num="664" count="3" type="stmt"/>
      <line num="670" count="3" type="stmt"/>
      <line num="693" count="3" type="stmt"/>
      <line num="710" count="3" type="stmt"/>
      <line num="721" count="3" type="stmt"/>
      <line num="769" count="3" type="stmt"/>
      <line num="814" count="3" type="stmt"/>
      <line num="822" count="3" type="stmt"/>
      <line num="830" count="3" type="stmt"/>
      <line num="862" count="3" type="stmt"/>
    </file>
  </project>
</coverage>
