{"C:\\Users\\ADMIN\\Documents\\batah-test\\tests\\utils\\getClient.js": {"path":"C:\\Users\\ADMIN\\Documents\\batah-test\\tests\\utils\\getClient.js","statementMap":{"0":{"start":{"line":4,"column":18},"end":{"line":22,"column":1}},"1":{"start":{"line":5,"column":10},"end":{"line":5,"column":11}},"2":{"start":{"line":6,"column":4},"end":{"line":6,"column":15}},"3":{"start":{"line":6,"column":12},"end":{"line":6,"column":15}},"4":{"start":{"line":7,"column":4},"end":{"line":7,"column":15}},"5":{"start":{"line":7,"column":12},"end":{"line":7,"column":15}},"6":{"start":{"line":8,"column":4},"end":{"line":21,"column":6}},"7":{"start":{"line":8,"column":14},"end":{"line":8,"column":17}},"8":{"start":{"line":10,"column":4},"end":{"line":21,"column":6}},"9":{"start":{"line":13,"column":12},"end":{"line":19,"column":13}},"10":{"start":{"line":14,"column":16},"end":{"line":18,"column":18}},"11":{"start":{"line":24,"column":0},"end":{"line":24,"column":26}}},"fnMap":{"0":{"name":"(anonymous_0)","decl":{"start":{"line":4,"column":18},"end":{"line":4,"column":19}},"loc":{"start":{"line":4,"column":27},"end":{"line":22,"column":1}},"line":4},"1":{"name":"(anonymous_1)","decl":{"start":{"line":12,"column":8},"end":{"line":12,"column":9}},"loc":{"start":{"line":12,"column":27},"end":{"line":20,"column":9}},"line":12}},"branchMap":{"0":{"loc":{"start":{"line":6,"column":4},"end":{"line":6,"column":15}},"type":"if","locations":[{"start":{"line":6,"column":4},"end":{"line":6,"column":15}},{"start":{"line":6,"column":4},"end":{"line":6,"column":15}}],"line":6},"1":{"loc":{"start":{"line":7,"column":4},"end":{"line":7,"column":15}},"type":"if","locations":[{"start":{"line":7,"column":4},"end":{"line":7,"column":15}},{"start":{"line":7,"column":4},"end":{"line":7,"column":15}}],"line":7},"2":{"loc":{"start":{"line":8,"column":4},"end":{"line":21,"column":6}},"type":"if","locations":[{"start":{"line":8,"column":4},"end":{"line":21,"column":6}},{"start":{"line":8,"column":4},"end":{"line":21,"column":6}}],"line":8},"3":{"loc":{"start":{"line":13,"column":12},"end":{"line":19,"column":13}},"type":"if","locations":[{"start":{"line":13,"column":12},"end":{"line":19,"column":13}},{"start":{"line":13,"column":12},"end":{"line":19,"column":13}}],"line":13}},"s":{"0":3,"1":371,"2":371,"3":2,"4":371,"5":2,"6":371,"7":0,"8":371,"9":371,"10":2,"11":3},"f":{"0":371,"1":371},"b":{"0":[2,369],"1":[2,369],"2":[0,371],"3":[2,369]},"_coverageSchema":"43e27e138ebf9cfc5966b082cf9a028302ed4184","hash":"81b0e361d86ca8f8a192d2fd71e9015b064e1a44"}
,"C:\\Users\\ADMIN\\Documents\\batah-test\\tests\\utils\\operations.js": {"path":"C:\\Users\\ADMIN\\Documents\\batah-test\\tests\\utils\\operations.js","statementMap":{"0":{"start":{"line":3,"column":32},"end":{"line":20,"column":1}},"1":{"start":{"line":24,"column":33},"end":{"line":28,"column":1}},"2":{"start":{"line":30,"column":28},"end":{"line":50,"column":1}},"3":{"start":{"line":51,"column":21},"end":{"line":71,"column":1}},"4":{"start":{"line":72,"column":27},"end":{"line":97,"column":1}},"5":{"start":{"line":99,"column":30},"end":{"line":125,"column":1}},"6":{"start":{"line":127,"column":31},"end":{"line":131,"column":1}},"7":{"start":{"line":133,"column":30},"end":{"line":137,"column":1}},"8":{"start":{"line":139,"column":36},"end":{"line":143,"column":1}},"9":{"start":{"line":145,"column":30},"end":{"line":149,"column":1}},"10":{"start":{"line":151,"column":38},"end":{"line":155,"column":1}},"11":{"start":{"line":157,"column":41},"end":{"line":161,"column":1}},"12":{"start":{"line":163,"column":45},"end":{"line":167,"column":1}},"13":{"start":{"line":169,"column":26},"end":{"line":173,"column":1}},"14":{"start":{"line":175,"column":30},"end":{"line":179,"column":1}},"15":{"start":{"line":181,"column":31},"end":{"line":185,"column":1}},"16":{"start":{"line":187,"column":33},"end":{"line":191,"column":1}},"17":{"start":{"line":193,"column":27},"end":{"line":231,"column":1}},"18":{"start":{"line":233,"column":34},"end":{"line":277,"column":1}},"19":{"start":{"line":279,"column":26},"end":{"line":283,"column":1}},"20":{"start":{"line":285,"column":26},"end":{"line":337,"column":1}},"21":{"start":{"line":338,"column":29},"end":{"line":356,"column":1}},"22":{"start":{"line":357,"column":29},"end":{"line":370,"column":1}},"23":{"start":{"line":372,"column":30},"end":{"line":383,"column":1}},"24":{"start":{"line":385,"column":29},"end":{"line":396,"column":1}},"25":{"start":{"line":398,"column":29},"end":{"line":402,"column":1}},"26":{"start":{"line":404,"column":28},"end":{"line":410,"column":1}},"27":{"start":{"line":412,"column":29},"end":{"line":425,"column":1}},"28":{"start":{"line":427,"column":39},"end":{"line":442,"column":1}},"29":{"start":{"line":444,"column":29},"end":{"line":457,"column":1}},"30":{"start":{"line":459,"column":34},"end":{"line":478,"column":1}},"31":{"start":{"line":479,"column":30},"end":{"line":493,"column":1}},"32":{"start":{"line":495,"column":27},"end":{"line":520,"column":1}},"33":{"start":{"line":522,"column":37},"end":{"line":531,"column":1}},"34":{"start":{"line":533,"column":34},"end":{"line":542,"column":1}},"35":{"start":{"line":544,"column":28},"end":{"line":570,"column":1}},"36":{"start":{"line":572,"column":29},"end":{"line":576,"column":1}},"37":{"start":{"line":578,"column":27},"end":{"line":607,"column":1}},"38":{"start":{"line":609,"column":27},"end":{"line":638,"column":1}},"39":{"start":{"line":639,"column":30},"end":{"line":647,"column":1}},"40":{"start":{"line":649,"column":30},"end":{"line":656,"column":1}},"41":{"start":{"line":658,"column":28},"end":{"line":662,"column":1}},"42":{"start":{"line":664,"column":27},"end":{"line":668,"column":1}},"43":{"start":{"line":670,"column":31},"end":{"line":692,"column":1}},"44":{"start":{"line":693,"column":32},"end":{"line":708,"column":1}},"45":{"start":{"line":710,"column":30},"end":{"line":714,"column":1}},"46":{"start":{"line":721,"column":27},"end":{"line":767,"column":1}},"47":{"start":{"line":769,"column":29},"end":{"line":813,"column":1}},"48":{"start":{"line":814,"column":34},"end":{"line":821,"column":1}},"49":{"start":{"line":822,"column":37},"end":{"line":826,"column":1}},"50":{"start":{"line":830,"column":29},"end":{"line":860,"column":1}},"51":{"start":{"line":862,"column":36},"end":{"line":871,"column":1}}},"fnMap":{},"branchMap":{},"s":{"0":3,"1":3,"2":3,"3":3,"4":3,"5":3,"6":3,"7":3,"8":3,"9":3,"10":3,"11":3,"12":3,"13":3,"14":3,"15":3,"16":3,"17":3,"18":3,"19":3,"20":3,"21":3,"22":3,"23":3,"24":3,"25":3,"26":3,"27":3,"28":3,"29":3,"30":3,"31":3,"32":3,"33":3,"34":3,"35":3,"36":3,"37":3,"38":3,"39":3,"40":3,"41":3,"42":3,"43":3,"44":3,"45":3,"46":3,"47":3,"48":3,"49":3,"50":3,"51":3},"f":{},"b":{},"_coverageSchema":"43e27e138ebf9cfc5966b082cf9a028302ed4184","hash":"8cb6500102df06df86eee4bc4f7c2567177327bf"}
}
