TN:
SF:C:\Users\ADMIN\Documents\batah-test\tests\utils\getClient.js
FN:4,(anonymous_0)
FN:12,(anonymous_1)
FNF:2
FNH:2
FNDA:371,(anonymous_0)
FNDA:371,(anonymous_1)
DA:4,3
DA:5,371
DA:6,371
DA:7,371
DA:8,371
DA:10,371
DA:13,371
DA:14,2
DA:24,3
LF:9
LH:9
BRDA:6,0,0,2
BRDA:6,0,1,369
BRDA:7,1,0,2
BRDA:7,1,1,369
BRDA:8,2,0,0
BRDA:8,2,1,371
BRDA:13,3,0,2
BRDA:13,3,1,369
BRF:8
BRH:7
end_of_record
TN:
SF:C:\Users\ADMIN\Documents\batah-test\tests\utils\operations.js
FNF:0
FNH:0
DA:3,3
DA:24,3
DA:30,3
DA:51,3
DA:72,3
DA:99,3
DA:127,3
DA:133,3
DA:139,3
DA:145,3
DA:151,3
DA:157,3
DA:163,3
DA:169,3
DA:175,3
DA:181,3
DA:187,3
DA:193,3
DA:233,3
DA:279,3
DA:285,3
DA:338,3
DA:357,3
DA:372,3
DA:385,3
DA:398,3
DA:404,3
DA:412,3
DA:427,3
DA:444,3
DA:459,3
DA:479,3
DA:495,3
DA:522,3
DA:533,3
DA:544,3
DA:572,3
DA:578,3
DA:609,3
DA:639,3
DA:649,3
DA:658,3
DA:664,3
DA:670,3
DA:693,3
DA:710,3
DA:721,3
DA:769,3
DA:814,3
DA:822,3
DA:830,3
DA:862,3
LF:52
LH:52
BRF:0
BRH:0
end_of_record
